<?xml version="1.0" encoding="UTF-8"?>
<!-- Generated by org.testng.reporters.JUnitXMLReporter -->
<testsuite ignored="0" hostname="DESKTOP-M7RKJRL" failures="0" tests="3" name="SubmitOrders" time="96.154" errors="0" timestamp="2023-12-26T12:08:21 GMT-05:00">
  <testcase classname="rahulshettyacademyMavenPractice.SeleniumFrameworkDesignMaven.StandAloneTest2POM" name="submitOrder" time="37.505"/>
  <testcase classname="rahulshettyacademyMavenPractice.SeleniumFrameworkDesignMaven.StandAloneTest2POM" name="submitOrder" time="36.95"/>
  <testcase classname="rahulshettyacademyMavenPractice.SeleniumFrameworkDesignMaven.StandAloneTest2POM" name="OrderHistoryTest" time="1.357"/>
</testsuite> <!-- SubmitOrders -->
